
Showing logs for build [32mcb-kubecd-environment-pr-191-17-mldgq-1[0m stage [32mfrom-build-pack[0m and container [32mstep-credential-initializer-mwkpk[0m
{"level":"warn","ts":1585597998.0324888,"logger":"fallback-logger","caller":"logging/config.go:69","msg":"Fetch GitHub commit ID from kodata failed: \"ref: refs/heads/0.8.0-**-support-backwards-incompats\" is not a valid GitHub commit ID"}
{"level":"info","ts":1585597998.0330012,"logger":"fallback-logger","caller":"creds-init/main.go:40","msg":"Credentials initialized."}

Showing logs for build [32mcb-kubecd-environment-pr-191-17-mldgq-1[0m stage [32mfrom-build-pack[0m and container [32mstep-working-dir-initializer-7n48l[0m
{"level":"warn","ts":1585597999.4981134,"logger":"fallback-logger","caller":"logging/config.go:69","msg":"Fetch GitHub commit ID from kodata failed: open /var/run/ko/HEAD: no such file or directory"}
{"level":"info","ts":1585597999.499969,"logger":"fallback-logger","caller":"bash/main.go:64","msg":"Successfully executed command \"sh -c mkdir -p /workspace/source\"; output "}

Showing logs for build [32mcb-kubecd-environment-pr-191-17-mldgq-1[0m stage [32mfrom-build-pack[0m and container [32mstep-place-tools[0m

Showing logs for build [32mcb-kubecd-environment-pr-191-17-mldgq-1[0m stage [32mfrom-build-pack[0m and container [32mstep-git-source-cb-kubecd-environment-pr-191-17-mldgq-bg7tv[0m
{"level":"warn","ts":1585598005.8204734,"logger":"fallback-logger","caller":"logging/config.go:69","msg":"Fetch GitHub commit ID from kodata failed: \"ref: refs/heads/0.8.0-**-support-backwards-incompats\" is not a valid GitHub commit ID"}
{"level":"info","ts":1585598007.088961,"logger":"fallback-logger","caller":"git/git.go:103","msg":"Successfully cloned https://github.com/cb-kubecd/environment-pr-191-178-boot-vault-gke-staging.git @ master in path /workspace/source"}

Showing logs for build [32mcb-kubecd-environment-pr-191-17-mldgq-1[0m stage [32mfrom-build-pack[0m and container [32mstep-git-merge[0m
Using SHAs from PULL_REFS=master:42444235ebf0d5eda701a59a112742fec621b20b,4:badabfb1b27b158333d012b7ed0e78ae7425692f
DEBUG: LC_ALL=C JX_LOG_LEVEL=error git fetch origin --unshallow badabfb1b27b158333d012b7ed0e78ae7425692f: 42444235ebf0d5eda701a59a112742fec621b20b:
DEBUG: ran git fetch --unshallow origin badabfb1b27b158333d012b7ed0e78ae7425692f: 42444235ebf0d5eda701a59a112742fec621b20b: in 
DEBUG: LC_ALL=C JX_LOG_LEVEL=error git branch
DEBUG: LC_ALL=C JX_LOG_LEVEL=error git checkout master
DEBUG: ran git checkout master in 
DEBUG: LC_ALL=C JX_LOG_LEVEL=error git reset --hard 42444235ebf0d5eda701a59a112742fec621b20b
DEBUG: ran git reset --hard 42444235ebf0d5eda701a59a112742fec621b20b in 
DEBUG: LC_ALL=C JX_LOG_LEVEL=error git clean -fd .
DEBUG: ran clean --force -d . in 
DEBUG: LC_ALL=C JX_LOG_LEVEL=error git merge badabfb1b27b158333d012b7ed0e78ae7425692f
DEBUG: ran git merge badabfb1b27b158333d012b7ed0e78ae7425692f in 
DEBUG: LC_ALL=C JX_LOG_LEVEL=error git log --format=%H%x1f%an%x1f%ae%x1f%cn%x1f%ce%x1f%s%n%b%x1e 42444235ebf0d5eda701a59a112742fec621b20b..HEAD
Merged SHA badabfb1b27b158333d012b7ed0e78ae7425692f with commit message 'chore: Promote bdd-gh-1585594968 to version 0.0.1' into base branch master

Showing logs for build [32mcb-kubecd-environment-pr-191-17-mldgq-1[0m stage [32mfrom-build-pack[0m and container [32mstep-build-helm-build[0m
WARNING: No $CHART_REPOSITORY defined so using the default value of: http://jenkins-x-chartmuseum:8080
Adding missing Helm repo: storage.googleapis.com https://storage.googleapis.com/chartmuseum.jenkins-x.io
WARNING: No secrets found on "helm/repos" due: reading the secret "helm/repos" from vault: no secret "helm/repos" not found in vault
Read credentials for https://storage.googleapis.com/chartmuseum.jenkins-x.io from vault helm/repos
Successfully added Helm repository storage.googleapis.com.
Adding missing Helm repo: jenkins-x-chartmuseum http://jenkins-x-chartmuseum:8080
WARNING: No secrets found on "helm/repos" due: reading the secret "helm/repos" from vault: no secret "helm/repos" not found in vault
Read credentials for http://jenkins-x-chartmuseum:8080 from vault helm/repos
Successfully added Helm repository jenkins-x-chartmuseum.
WARNING: No $CHART_REPOSITORY defined so using the default value of: http://jenkins-x-chartmuseum:8080
Adding missing Helm repo: chartmuseum.jenkins-x.io http://chartmuseum.jenkins-x.io
WARNING: No secrets found on "helm/repos" due: reading the secret "helm/repos" from vault: no secret "helm/repos" not found in vault
Read credentials for http://chartmuseum.jenkins-x.io from vault helm/repos
Successfully added Helm repository chartmuseum.jenkins-x.io.
