
Showing logs for build [32mcb-kubecd-environment-pr-191-17-2rtjr-1[0m stage [32mfrom-build-pack[0m and container [32mstep-credential-initializer-mbbvq[0m
{"level":"warn","ts":1585595370.015917,"logger":"fallback-logger","caller":"logging/config.go:69","msg":"Fetch GitHub commit ID from kodata failed: \"ref: refs/heads/0.8.0-**-support-backwards-incompats\" is not a valid GitHub commit ID"}
{"level":"info","ts":1585595370.0169482,"logger":"fallback-logger","caller":"creds-init/main.go:40","msg":"Credentials initialized."}

Showing logs for build [32mcb-kubecd-environment-pr-191-17-2rtjr-1[0m stage [32mfrom-build-pack[0m and container [32mstep-working-dir-initializer-6tvx7[0m
{"level":"warn","ts":1585595371.4652874,"logger":"fallback-logger","caller":"logging/config.go:69","msg":"Fetch GitHub commit ID from kodata failed: open /var/run/ko/HEAD: no such file or directory"}
{"level":"info","ts":1585595371.4673686,"logger":"fallback-logger","caller":"bash/main.go:64","msg":"Successfully executed command \"sh -c mkdir -p /workspace/source\"; output "}

Showing logs for build [32mcb-kubecd-environment-pr-191-17-2rtjr-1[0m stage [32mfrom-build-pack[0m and container [32mstep-place-tools[0m

Showing logs for build [32mcb-kubecd-environment-pr-191-17-2rtjr-1[0m stage [32mfrom-build-pack[0m and container [32mstep-git-source-cb-kubecd-environment-pr-191-17-2rtjr-4k9dw[0m
{"level":"warn","ts":1585595375.6710653,"logger":"fallback-logger","caller":"logging/config.go:69","msg":"Fetch GitHub commit ID from kodata failed: \"ref: refs/heads/0.8.0-**-support-backwards-incompats\" is not a valid GitHub commit ID"}
{"level":"info","ts":1585595376.861116,"logger":"fallback-logger","caller":"git/git.go:103","msg":"Successfully cloned https://github.com/cb-kubecd/environment-pr-191-178-boot-vault-gke-staging.git @ master in path /workspace/source"}

Showing logs for build [32mcb-kubecd-environment-pr-191-17-2rtjr-1[0m stage [32mfrom-build-pack[0m and container [32mstep-git-merge[0m
Using SHAs from PULL_REFS=master:e5b4dbf90891094c31bff03ad70a27603dad0e8e,2:9deb272d5471c7e73a5a5da11daaf54c112d25c2
DEBUG: JX_LOG_LEVEL=error LC_ALL=C git fetch origin --unshallow 9deb272d5471c7e73a5a5da11daaf54c112d25c2: e5b4dbf90891094c31bff03ad70a27603dad0e8e:
DEBUG: ran git fetch --unshallow origin 9deb272d5471c7e73a5a5da11daaf54c112d25c2: e5b4dbf90891094c31bff03ad70a27603dad0e8e: in 
DEBUG: LC_ALL=C JX_LOG_LEVEL=error git branch
DEBUG: JX_LOG_LEVEL=error LC_ALL=C git checkout master
DEBUG: ran git checkout master in 
DEBUG: LC_ALL=C JX_LOG_LEVEL=error git reset --hard e5b4dbf90891094c31bff03ad70a27603dad0e8e
DEBUG: ran git reset --hard e5b4dbf90891094c31bff03ad70a27603dad0e8e in 
DEBUG: LC_ALL=C JX_LOG_LEVEL=error git clean -fd .
DEBUG: ran clean --force -d . in 
DEBUG: LC_ALL=C JX_LOG_LEVEL=error git merge 9deb272d5471c7e73a5a5da11daaf54c112d25c2
DEBUG: ran git merge 9deb272d5471c7e73a5a5da11daaf54c112d25c2 in 
DEBUG: JX_LOG_LEVEL=error LC_ALL=C git log --format=%H%x1f%an%x1f%ae%x1f%cn%x1f%ce%x1f%s%n%b%x1e e5b4dbf90891094c31bff03ad70a27603dad0e8e..HEAD
Merged SHA 9deb272d5471c7e73a5a5da11daaf54c112d25c2 with commit message 'chore: Promote bdd-sbhg-1585594968 to version 0.0.1' into base branch master

Showing logs for build [32mcb-kubecd-environment-pr-191-17-2rtjr-1[0m stage [32mfrom-build-pack[0m and container [32mstep-build-helm-build[0m
WARNING: No $CHART_REPOSITORY defined so using the default value of: http://jenkins-x-chartmuseum:8080
Adding missing Helm repo: storage.googleapis.com https://storage.googleapis.com/chartmuseum.jenkins-x.io
WARNING: No secrets found on "helm/repos" due: reading the secret "helm/repos" from vault: no secret "helm/repos" not found in vault
Read credentials for https://storage.googleapis.com/chartmuseum.jenkins-x.io from vault helm/repos
Successfully added Helm repository storage.googleapis.com.
Adding missing Helm repo: jenkins-x-chartmuseum http://jenkins-x-chartmuseum:8080
WARNING: No secrets found on "helm/repos" due: reading the secret "helm/repos" from vault: no secret "helm/repos" not found in vault
Read credentials for http://jenkins-x-chartmuseum:8080 from vault helm/repos
Successfully added Helm repository jenkins-x-chartmuseum.
WARNING: No $CHART_REPOSITORY defined so using the default value of: http://jenkins-x-chartmuseum:8080
Adding missing Helm repo: chartmuseum.jenkins-x.io http://chartmuseum.jenkins-x.io
WARNING: No secrets found on "helm/repos" due: reading the secret "helm/repos" from vault: no secret "helm/repos" not found in vault
Read credentials for http://chartmuseum.jenkins-x.io from vault helm/repos
Successfully added Helm repository chartmuseum.jenkins-x.io.
